model-1693255432, 1693255433.912, 0.55, 0.25, 0.49, 0.27
model-1693255432, 1693255434.821, 0.52, 0.26, 0.53, 0.25
model-1693255432, 1693255435.656, 0.58, 0.25, 0.48, 0.25
model-1693255432, 1693255436.571, 0.47, 0.25, 0.53, 0.25
model-1693255432, 1693255437.369, 0.48, 0.25, 0.52, 0.25
model-1693255432, 1693255438.193, 0.55, 0.25, 0.47, 0.25
model-1693255432, 1693255439.191, 0.54, 0.25, 0.44, 0.25
model-1693255432, 1693255440.09, 0.45, 0.25, 0.44, 0.25
model-1693255432, 1693255441.983, 0.46, 0.25, 0.47, 0.25
model-1693255432, 1693255442.791, 0.56, 0.25, 0.49, 0.25
model-1693255432, 1693255443.678, 0.55, 0.25, 0.52, 0.25
model-1693255432, 1693255444.815, 0.56, 0.25, 0.53, 0.25
model-1693255432, 1693255445.738, 0.54, 0.25, 0.5, 0.25
model-1693255432, 1693255446.554, 0.52, 0.25, 0.53, 0.25
model-1693255432, 1693255447.378, 0.61, 0.25, 0.52, 0.25
model-1693255432, 1693255448.209, 0.47, 0.25, 0.56, 0.25
model-1693255432, 1693255449.18, 0.58, 0.25, 0.52, 0.25
model-1693255432, 1693255450.015, 0.57, 0.25, 0.54, 0.25
model-1693255432, 1693255450.875, 0.51, 0.25, 0.42, 0.27
model-1693255432, 1693255451.952, 0.62, 0.24, 0.48, 0.26
model-1693255432, 1693255453.107, 0.49, 0.26, 0.55, 0.25
model-1693255432, 1693255454.073, 0.53, 0.25, 0.55, 0.25
model-1693255432, 1693255455.108, 0.53, 0.25, 0.46, 0.26
model-1693255432, 1693255456.151, 0.51, 0.25, 0.45, 0.25
model-1693255432, 1693255457.159, 0.49, 0.25, 0.48, 0.25
model-1693255432, 1693255457.949, 0.56, 0.25, 0.58, 0.25
model-1693255432, 1693255458.767, 0.61, 0.25, 0.54, 0.25
model-1693255432, 1693255459.612, 0.55, 0.25, 0.55, 0.25
model-1693255432, 1693255460.493, 0.47, 0.25, 0.56, 0.25
model-1693255432, 1693255461.272, 0.44, 0.25, 0.56, 0.25
model-1693255432, 1693255462.034, 0.52, 0.25, 0.45, 0.25
model-1693255432, 1693255462.85, 0.61, 0.25, 0.56, 0.25
model-1693255432, 1693255463.698, 0.53, 0.25, 0.48, 0.25
model-1693255432, 1693255464.559, 0.6, 0.25, 0.62, 0.25
model-1693255432, 1693255465.398, 0.61, 0.25, 0.56, 0.25
model-1693255432, 1693255466.234, 0.51, 0.25, 0.54, 0.25
model-1693255432, 1693255467.151, 0.61, 0.25, 0.54, 0.25
model-1693255432, 1693255468.048, 0.56, 0.25, 0.52, 0.25
model-1693255432, 1693255468.952, 0.5, 0.25, 0.43, 0.25
model-1693255432, 1693255469.813, 0.48, 0.25, 0.57, 0.25
model-1693255432, 1693255470.741, 0.55, 0.25, 0.48, 0.25
model-1693255432, 1693255471.595, 0.56, 0.25, 0.53, 0.25
model-1693255432, 1693255472.504, 0.62, 0.24, 0.47, 0.25
model-1693255432, 1693255473.367, 0.4, 0.26, 0.66, 0.24
model-1693255432, 1693255474.259, 0.54, 0.25, 0.57, 0.25
model-1693255432, 1693255475.104, 0.52, 0.25, 0.62, 0.24
model-1693255432, 1693255475.935, 0.44, 0.25, 0.58, 0.25
model-1693255432, 1693255476.801, 0.55, 0.25, 0.52, 0.25
model-1693255432, 1693255477.664, 0.59, 0.24, 0.55, 0.25
model-1693255432, 1693255478.507, 0.52, 0.25, 0.5, 0.25
model-1693255432, 1693255479.41, 0.59, 0.25, 0.5, 0.25
model-1693255432, 1693255480.282, 0.44, 0.25, 0.49, 0.25
model-1693255432, 1693255481.155, 0.55, 0.25, 0.59, 0.24
model-1693255432, 1693255482.226, 0.55, 0.25, 0.59, 0.25
model-1693255432, 1693255483.066, 0.54, 0.24, 0.66, 0.24
model-1693255432, 1693255483.936, 0.55, 0.25, 0.49, 0.25
model-1693255432, 1693255484.89, 0.52, 0.25, 0.52, 0.25
model-1693255432, 1693255485.894, 0.57, 0.24, 0.57, 0.24
model-1693255432, 1693255486.792, 0.52, 0.24, 0.51, 0.24
model-1693255432, 1693255487.828, 0.49, 0.25, 0.58, 0.24
model-1693255432, 1693255488.699, 0.49, 0.26, 0.51, 0.25
model-1693255432, 1693255489.587, 0.55, 0.24, 0.61, 0.24
model-1693255432, 1693255490.508, 0.56, 0.25, 0.64, 0.24
model-1693255432, 1693255491.409, 0.55, 0.25, 0.53, 0.25
model-1693255432, 1693255492.323, 0.48, 0.25, 0.55, 0.25
model-1693255432, 1693255493.273, 0.59, 0.25, 0.56, 0.25
model-1693255432, 1693255494.257, 0.58, 0.24, 0.56, 0.25
model-1693255432, 1693255495.162, 0.59, 0.25, 0.54, 0.24
model-1693255432, 1693255496.205, 0.54, 0.25, 0.53, 0.25
model-1693255432, 1693255497.206, 0.6, 0.24, 0.53, 0.25
model-1693255432, 1693255498.104, 0.53, 0.25, 0.53, 0.24
model-1693255432, 1693255499.014, 0.57, 0.24, 0.51, 0.25
model-1693255432, 1693255499.92, 0.54, 0.25, 0.53, 0.24
model-1693255432, 1693255500.8, 0.54, 0.23, 0.47, 0.25
model-1693255432, 1693255501.724, 0.56, 0.24, 0.48, 0.25
model-1693255432, 1693255502.572, 0.6, 0.24, 0.48, 0.25
model-1693255432, 1693255503.623, 0.53, 0.24, 0.62, 0.24
model-1693255432, 1693255504.541, 0.58, 0.24, 0.59, 0.24
model-1693255432, 1693255505.448, 0.53, 0.25, 0.62, 0.24
model-1693255432, 1693255506.303, 0.64, 0.24, 0.52, 0.25
model-1693255432, 1693255507.228, 0.66, 0.24, 0.62, 0.23
model-1693255432, 1693255508.111, 0.56, 0.24, 0.68, 0.23
model-1693255432, 1693255509.03, 0.6, 0.24, 0.52, 0.25
model-1693255432, 1693255509.941, 0.61, 0.24, 0.57, 0.23
model-1693255432, 1693255510.789, 0.63, 0.23, 0.57, 0.25
model-1693255432, 1693255511.782, 0.56, 0.24, 0.49, 0.25
model-1693255432, 1693255512.683, 0.52, 0.26, 0.58, 0.24
model-1693255432, 1693255513.546, 0.65, 0.23, 0.58, 0.25
model-1693255432, 1693255514.428, 0.49, 0.27, 0.64, 0.24
model-1693255432, 1693255515.281, 0.6, 0.24, 0.53, 0.25
model-1693255432, 1693255516.148, 0.6, 0.24, 0.51, 0.25
model-1693255432, 1693255517.068, 0.54, 0.23, 0.61, 0.23
model-1693255432, 1693255518.175, 0.59, 0.23, 0.53, 0.26
model-1693255432, 1693255519.232, 0.53, 0.24, 0.54, 0.24
model-1693255432, 1693255520.171, 0.54, 0.25, 0.61, 0.23
model-1693255432, 1693255521.116, 0.59, 0.24, 0.54, 0.24
model-1693255432, 1693255522.066, 0.55, 0.24, 0.61, 0.25
model-1693255432, 1693255522.922, 0.64, 0.23, 0.69, 0.23
model-1693255432, 1693255523.743, 0.54, 0.24, 0.57, 0.23
model-1693255432, 1693255524.619, 0.54, 0.26, 0.64, 0.23
model-1693255432, 1693255525.465, 0.58, 0.24, 0.61, 0.23
model-1693255432, 1693255526.396, 0.55, 0.25, 0.58, 0.24
model-1693255432, 1693255527.251, 0.57, 0.24, 0.62, 0.23
model-1693255432, 1693255528.151, 0.62, 0.24, 0.6, 0.23
model-1693255432, 1693255529.011, 0.54, 0.25, 0.58, 0.24
model-1693255432, 1693255529.938, 0.55, 0.24, 0.63, 0.23
model-1693255432, 1693255530.791, 0.65, 0.23, 0.6, 0.24
model-1693255432, 1693255531.653, 0.53, 0.24, 0.58, 0.25
model-1693255432, 1693255532.527, 0.54, 0.24, 0.56, 0.24
model-1693255432, 1693255533.611, 0.52, 0.25, 0.69, 0.22
model-1693255432, 1693255534.502, 0.55, 0.26, 0.64, 0.23
model-1693255432, 1693255535.384, 0.55, 0.25, 0.64, 0.24
model-1693255432, 1693255536.239, 0.57, 0.24, 0.62, 0.24
model-1693255432, 1693255537.104, 0.61, 0.23, 0.6, 0.24
model-1693255432, 1693255537.977, 0.63, 0.24, 0.68, 0.23
model-1693255432, 1693255539.041, 0.45, 0.25, 0.61, 0.24
model-1693255432, 1693255539.977, 0.62, 0.24, 0.65, 0.23
model-1693255432, 1693255540.866, 0.61, 0.24, 0.57, 0.24
model-1693255432, 1693255541.996, 0.56, 0.25, 0.42, 0.25
model-1693255432, 1693255542.95, 0.61, 0.23, 0.75, 0.22
model-1693255432, 1693255543.824, 0.58, 0.24, 0.62, 0.24
model-1693255432, 1693255544.769, 0.65, 0.23, 0.67, 0.23
model-1693255432, 1693255545.669, 0.52, 0.24, 0.67, 0.23
model-1693255432, 1693255546.648, 0.59, 0.23, 0.48, 0.25
model-1693255432, 1693255547.809, 0.57, 0.24, 0.59, 0.24
model-1693255432, 1693255548.781, 0.61, 0.23, 0.56, 0.24
model-1693255432, 1693255549.796, 0.56, 0.24, 0.65, 0.23
model-1693255432, 1693255550.727, 0.61, 0.24, 0.65, 0.23
model-1693255432, 1693255551.643, 0.68, 0.22, 0.63, 0.22
model-1693255432, 1693255552.544, 0.71, 0.22, 0.59, 0.24
model-1693255432, 1693255553.477, 0.53, 0.26, 0.61, 0.23
model-1693255432, 1693255554.352, 0.7, 0.22, 0.63, 0.23
model-1693255432, 1693255555.185, 0.66, 0.24, 0.63, 0.24
model-1693255432, 1693255556.02, 0.58, 0.24, 0.66, 0.22
model-1693255432, 1693255556.859, 0.52, 0.27, 0.58, 0.23
model-1693255432, 1693255557.686, 0.58, 0.24, 0.66, 0.21
model-1693255432, 1693255558.548, 0.64, 0.23, 0.54, 0.23
model-1693255432, 1693255559.444, 0.58, 0.24, 0.6, 0.23
model-1693255432, 1693255560.273, 0.68, 0.22, 0.65, 0.23
model-1693255432, 1693255561.136, 0.58, 0.24, 0.51, 0.25
model-1693255432, 1693255561.984, 0.62, 0.23, 0.7, 0.22
model-1693255432, 1693255562.842, 0.59, 0.23, 0.59, 0.23
model-1693255432, 1693255563.855, 0.58, 0.23, 0.61, 0.23
model-1693255432, 1693255564.748, 0.58, 0.24, 0.66, 0.23
model-1693255432, 1693255565.616, 0.58, 0.24, 0.7, 0.22
model-1693255432, 1693255566.46, 0.66, 0.22, 0.64, 0.22
model-1693255432, 1693255567.325, 0.6, 0.23, 0.6, 0.24
model-1693255432, 1693255568.19, 0.63, 0.24, 0.63, 0.22
model-1693255432, 1693255569.087, 0.68, 0.22, 0.64, 0.23
model-1693255432, 1693255569.987, 0.59, 0.23, 0.59, 0.24
model-1693255432, 1693255571.03, 0.63, 0.22, 0.59, 0.24
model-1693255432, 1693255571.997, 0.65, 0.22, 0.63, 0.23
model-1693255432, 1693255572.906, 0.63, 0.23, 0.61, 0.22
model-1693255432, 1693255573.802, 0.55, 0.24, 0.62, 0.23
model-1693255432, 1693255574.764, 0.58, 0.23, 0.6, 0.25
model-1693255432, 1693255575.685, 0.56, 0.24, 0.58, 0.25
model-1693255432, 1693255576.756, 0.59, 0.23, 0.66, 0.22
model-1693255432, 1693255577.806, 0.55, 0.26, 0.62, 0.23
model-1693255432, 1693255578.792, 0.56, 0.24, 0.64, 0.23
model-1693255432, 1693255579.784, 0.61, 0.24, 0.67, 0.22
model-1693255432, 1693255580.723, 0.57, 0.25, 0.64, 0.22
model-1693255432, 1693255581.644, 0.61, 0.24, 0.65, 0.23
model-1693255432, 1693255582.6, 0.69, 0.23, 0.57, 0.25
model-1693255432, 1693255583.712, 0.57, 0.24, 0.62, 0.24
model-1693255432, 1693255584.912, 0.62, 0.22, 0.66, 0.22
model-1693255432, 1693255586.026, 0.58, 0.23, 0.55, 0.25
model-1693255432, 1693255587.09, 0.74, 0.2, 0.68, 0.22
model-1693255432, 1693255588.151, 0.62, 0.24, 0.68, 0.22
model-1693255432, 1693255589.123, 0.64, 0.22, 0.64, 0.22
model-1693255432, 1693255590.078, 0.66, 0.22, 0.75, 0.2
model-1693255432, 1693255591.069, 0.59, 0.24, 0.69, 0.23
model-1693255432, 1693255591.958, 0.61, 0.23, 0.62, 0.23
model-1693255432, 1693255592.855, 0.67, 0.21, 0.64, 0.22
model-1693255432, 1693255593.96, 0.64, 0.23, 0.63, 0.24
model-1693255432, 1693255594.853, 0.63, 0.24, 0.64, 0.21
model-1693255432, 1693255595.869, 0.55, 0.25, 0.61, 0.22
model-1693255432, 1693255596.984, 0.58, 0.24, 0.56, 0.24
model-1693255432, 1693255598.084, 0.59, 0.24, 0.53, 0.26
model-1693255432, 1693255599.083, 0.6, 0.24, 0.57, 0.26
model-1693255432, 1693255600.198, 0.62, 0.23, 0.57, 0.23
model-1693255432, 1693255601.27, 0.64, 0.22, 0.64, 0.22
model-1693255432, 1693255602.489, 0.56, 0.25, 0.55, 0.24
model-1693255432, 1693255603.75, 0.58, 0.23, 0.63, 0.23
model-1693255432, 1693255605.041, 0.65, 0.23, 0.71, 0.21
model-1693255432, 1693255606.024, 0.6, 0.23, 0.7, 0.22
model-1693255432, 1693255607.103, 0.62, 0.23, 0.62, 0.23
model-1693255432, 1693255608.211, 0.59, 0.23, 0.62, 0.24
model-1693255432, 1693255609.244, 0.52, 0.25, 0.64, 0.22
model-1693255432, 1693255610.291, 0.59, 0.22, 0.59, 0.24
model-1693255432, 1693255611.186, 0.58, 0.24, 0.69, 0.22
model-1693255432, 1693255612.118, 0.62, 0.23, 0.68, 0.22
model-1693255432, 1693255613.048, 0.67, 0.22, 0.66, 0.23
model-1693255432, 1693255613.993, 0.66, 0.23, 0.71, 0.22
model-1693255432, 1693255614.94, 0.66, 0.23, 0.73, 0.21
model-1693255432, 1693255615.824, 0.63, 0.23, 0.63, 0.23
model-1693255432, 1693255616.706, 0.64, 0.23, 0.68, 0.21
model-1693255432, 1693255617.622, 0.6, 0.22, 0.75, 0.2
model-1693255432, 1693255618.594, 0.61, 0.23, 0.75, 0.21
model-1693255432, 1693255619.855, 0.65, 0.22, 0.66, 0.22
model-1693255432, 1693255621.401, 0.61, 0.22, 0.76, 0.18
model-1693255432, 1693255622.73, 0.66, 0.22, 0.62, 0.22
model-1693255432, 1693255624.409, 0.59, 0.23, 0.56, 0.23
model-1693255432, 1693255625.472, 0.56, 0.24, 0.63, 0.21
model-1693255432, 1693255626.432, 0.59, 0.23, 0.63, 0.22
model-1693255432, 1693255627.421, 0.59, 0.22, 0.76, 0.19
model-1693255432, 1693255628.422, 0.63, 0.23, 0.67, 0.21
model-1693255432, 1693255629.425, 0.65, 0.21, 0.61, 0.23
model-1693255432, 1693255630.421, 0.62, 0.24, 0.66, 0.22
model-1693255432, 1693255631.389, 0.59, 0.24, 0.61, 0.24
model-1693255432, 1693255632.399, 0.68, 0.21, 0.62, 0.23
model-1693255432, 1693255633.365, 0.6, 0.23, 0.69, 0.21
model-1693255432, 1693255634.303, 0.68, 0.22, 0.53, 0.25
model-1693255432, 1693255635.324, 0.63, 0.23, 0.56, 0.24
model-1693255432, 1693255636.271, 0.55, 0.24, 0.53, 0.25
model-1693255432, 1693255637.333, 0.58, 0.25, 0.64, 0.22
model-1693255432, 1693255638.327, 0.58, 0.24, 0.71, 0.21
model-1693255432, 1693255639.391, 0.59, 0.23, 0.67, 0.22
model-1693255432, 1693255640.807, 0.61, 0.22, 0.65, 0.22
model-1693255432, 1693255642.283, 0.63, 0.22, 0.74, 0.21
model-1693255432, 1693255643.221, 0.6, 0.23, 0.72, 0.2
model-1693255432, 1693255644.106, 0.64, 0.23, 0.75, 0.21
model-1693255432, 1693255645.148, 0.57, 0.23, 0.7, 0.22
model-1693255432, 1693255646.076, 0.68, 0.22, 0.68, 0.2
model-1693255432, 1693255646.698, 0.62, 0.21, 0.68, 0.22
model-1693255432, 1693255647.632, 0.7, 0.21, 0.64, 0.22
model-1693255432, 1693255648.749, 0.68, 0.2, 0.66, 0.22
model-1693255432, 1693255649.839, 0.69, 0.21, 0.61, 0.23
model-1693255432, 1693255651.008, 0.75, 0.19, 0.55, 0.25
model-1693255432, 1693255652.415, 0.66, 0.22, 0.6, 0.23
model-1693255432, 1693255653.383, 0.61, 0.23, 0.58, 0.24
model-1693255432, 1693255654.353, 0.61, 0.22, 0.65, 0.21
model-1693255432, 1693255655.54, 0.72, 0.21, 0.62, 0.25
model-1693255432, 1693255656.532, 0.58, 0.23, 0.65, 0.23
model-1693255432, 1693255657.462, 0.61, 0.23, 0.63, 0.23
model-1693255432, 1693255658.482, 0.68, 0.21, 0.65, 0.21
model-1693255432, 1693255659.463, 0.68, 0.2, 0.66, 0.23
model-1693255432, 1693255660.558, 0.7, 0.19, 0.68, 0.21
model-1693255432, 1693255661.713, 0.65, 0.21, 0.67, 0.21
model-1693255432, 1693255662.823, 0.67, 0.21, 0.68, 0.21
model-1693255432, 1693255663.782, 0.65, 0.22, 0.67, 0.21
model-1693255432, 1693255664.764, 0.68, 0.18, 0.72, 0.21
model-1693255432, 1693255665.848, 0.65, 0.23, 0.6, 0.24
model-1693255432, 1693255666.807, 0.62, 0.24, 0.59, 0.26
model-1693255432, 1693255667.736, 0.65, 0.22, 0.57, 0.24
model-1693255432, 1693255668.704, 0.61, 0.22, 0.63, 0.23
model-1693255432, 1693255669.673, 0.54, 0.26, 0.57, 0.23
model-1693255432, 1693255670.627, 0.61, 0.23, 0.64, 0.23
model-1693255432, 1693255672.147, 0.67, 0.22, 0.69, 0.22
model-1693255432, 1693255673.127, 0.68, 0.21, 0.67, 0.21
model-1693255432, 1693255674.197, 0.65, 0.23, 0.69, 0.23
model-1693255432, 1693255675.149, 0.65, 0.23, 0.7, 0.22
model-1693255432, 1693255676.09, 0.58, 0.23, 0.65, 0.22
model-1693255432, 1693255677.025, 0.71, 0.22, 0.69, 0.21
model-1693255432, 1693255678.05, 0.65, 0.21, 0.65, 0.22
model-1693255432, 1693255679.71, 0.59, 0.23, 0.77, 0.19
model-1693255432, 1693255681.067, 0.57, 0.23, 0.59, 0.23
model-1693255432, 1693255681.993, 0.7, 0.21, 0.6, 0.23
model-1693255432, 1693255682.854, 0.57, 0.24, 0.71, 0.21
model-1693255432, 1693255683.762, 0.65, 0.21, 0.62, 0.23
model-1693255432, 1693255684.672, 0.65, 0.22, 0.69, 0.21
model-1693255432, 1693255685.643, 0.61, 0.22, 0.64, 0.22
model-1693255432, 1693255686.533, 0.67, 0.2, 0.69, 0.21
model-1693255432, 1693255687.431, 0.65, 0.21, 0.62, 0.22
model-1693255432, 1693255688.32, 0.74, 0.2, 0.63, 0.24
model-1693255432, 1693255689.355, 0.69, 0.21, 0.68, 0.21
model-1693255432, 1693255690.372, 0.64, 0.25, 0.7, 0.21
model-1693255432, 1693255691.274, 0.6, 0.23, 0.68, 0.2
model-1693255432, 1693255692.297, 0.69, 0.19, 0.7, 0.2
model-1693255432, 1693255693.283, 0.63, 0.22, 0.68, 0.21
model-1693255432, 1693255694.28, 0.62, 0.23, 0.74, 0.2
model-1693255432, 1693255695.463, 0.52, 0.27, 0.65, 0.22
model-1693255432, 1693255696.407, 0.57, 0.24, 0.63, 0.24
model-1693255432, 1693255697.386, 0.65, 0.22, 0.69, 0.21
model-1693255432, 1693255698.448, 0.57, 0.23, 0.67, 0.21
model-1693255432, 1693255699.518, 0.68, 0.22, 0.73, 0.2
model-1693255432, 1693255700.434, 0.65, 0.22, 0.58, 0.24
model-1693255432, 1693255701.368, 0.56, 0.23, 0.63, 0.22
model-1693255432, 1693255702.282, 0.69, 0.22, 0.71, 0.2
model-1693255432, 1693255703.217, 0.66, 0.22, 0.67, 0.21
model-1693255432, 1693255704.206, 0.65, 0.21, 0.66, 0.22
model-1693255432, 1693255705.867, 0.67, 0.22, 0.68, 0.22
model-1693255432, 1693255707.389, 0.7, 0.22, 0.72, 0.22
model-1693255432, 1693255708.744, 0.72, 0.21, 0.67, 0.22
model-1693255432, 1693255709.713, 0.62, 0.22, 0.63, 0.22
model-1693255432, 1693255710.56, 0.69, 0.22, 0.62, 0.22
model-1693255432, 1693255711.475, 0.6, 0.23, 0.82, 0.17
model-1693255432, 1693255712.321, 0.75, 0.19, 0.63, 0.21
model-1693255432, 1693255713.189, 0.57, 0.22, 0.68, 0.2
model-1693255432, 1693255714.186, 0.62, 0.21, 0.72, 0.17
model-1693255432, 1693255715.235, 0.54, 0.24, 0.68, 0.2
model-1693255432, 1693255716.254, 0.7, 0.21, 0.69, 0.2
model-1693255432, 1693255717.25, 0.72, 0.2, 0.6, 0.24
model-1693255432, 1693255718.351, 0.66, 0.22, 0.68, 0.21
model-1693255432, 1693255719.336, 0.66, 0.21, 0.56, 0.27
model-1693255432, 1693255720.264, 0.59, 0.22, 0.74, 0.18
model-1693255432, 1693255721.226, 0.62, 0.22, 0.73, 0.19
model-1693255432, 1693255722.665, 0.68, 0.2, 0.62, 0.22
model-1693255432, 1693255723.744, 0.71, 0.22, 0.68, 0.19
model-1693255432, 1693255724.737, 0.61, 0.24, 0.69, 0.21
model-1693255432, 1693255725.902, 0.68, 0.21, 0.69, 0.2
model-1693255432, 1693255726.931, 0.7, 0.21, 0.7, 0.21
model-1693255432, 1693255728.047, 0.72, 0.2, 0.71, 0.2
model-1693255432, 1693255729.002, 0.72, 0.19, 0.72, 0.2
model-1693255432, 1693255729.901, 0.6, 0.22, 0.73, 0.19
model-1693255432, 1693255730.783, 0.67, 0.21, 0.66, 0.21
model-1693255432, 1693255731.714, 0.73, 0.18, 0.68, 0.21
model-1693255432, 1693255732.644, 0.66, 0.22, 0.7, 0.2
model-1693255432, 1693255733.706, 0.57, 0.24, 0.69, 0.22
model-1693255432, 1693255734.653, 0.68, 0.19, 0.65, 0.21
model-1693255432, 1693255735.692, 0.67, 0.2, 0.69, 0.22
model-1693255432, 1693255736.783, 0.71, 0.2, 0.58, 0.24
model-1693255432, 1693255737.811, 0.6, 0.24, 0.59, 0.23
model-1693255432, 1693255738.813, 0.71, 0.19, 0.65, 0.23
model-1693255432, 1693255739.869, 0.58, 0.24, 0.72, 0.19
model-1693255432, 1693255740.869, 0.64, 0.23, 0.65, 0.21
model-1693255432, 1693255742.101, 0.62, 0.23, 0.64, 0.23
model-1693255432, 1693255743.32, 0.68, 0.2, 0.78, 0.17
model-1693255432, 1693255744.723, 0.68, 0.19, 0.74, 0.2
model-1693255432, 1693255745.763, 0.69, 0.21, 0.74, 0.19
model-1693255432, 1693255746.741, 0.66, 0.21, 0.66, 0.2
model-1693255432, 1693255747.645, 0.71, 0.2, 0.65, 0.2
model-1693255432, 1693255748.596, 0.55, 0.22, 0.65, 0.21
model-1693255432, 1693255749.464, 0.73, 0.19, 0.78, 0.18
model-1693255432, 1693255750.351, 0.71, 0.2, 0.65, 0.21
model-1693255432, 1693255751.256, 0.57, 0.24, 0.73, 0.19
model-1693255432, 1693255752.158, 0.67, 0.21, 0.74, 0.18
model-1693255432, 1693255753.044, 0.61, 0.22, 0.65, 0.22
model-1693255432, 1693255753.938, 0.68, 0.21, 0.66, 0.2
model-1693255432, 1693255754.838, 0.68, 0.2, 0.72, 0.19
model-1693255432, 1693255755.744, 0.67, 0.2, 0.67, 0.21
model-1693255432, 1693255756.817, 0.7, 0.2, 0.65, 0.2
model-1693255432, 1693255757.745, 0.69, 0.2, 0.61, 0.22
model-1693255432, 1693255758.619, 0.69, 0.19, 0.67, 0.21
model-1693255432, 1693255759.512, 0.65, 0.21, 0.59, 0.23
model-1693255432, 1693255760.384, 0.68, 0.19, 0.67, 0.21
model-1693255432, 1693255761.298, 0.66, 0.22, 0.59, 0.2
model-1693255432, 1693255762.231, 0.64, 0.23, 0.72, 0.2
model-1693255432, 1693255763.345, 0.65, 0.2, 0.67, 0.2
model-1693255432, 1693255764.223, 0.71, 0.2, 0.74, 0.18
model-1693255432, 1693255765.121, 0.68, 0.22, 0.77, 0.19
model-1693255432, 1693255766.025, 0.55, 0.25, 0.59, 0.24
model-1693255432, 1693255766.963, 0.61, 0.22, 0.76, 0.18
model-1693255432, 1693255767.976, 0.55, 0.24, 0.71, 0.19
model-1693255432, 1693255769.094, 0.69, 0.2, 0.64, 0.21
model-1693255432, 1693255770.006, 0.68, 0.19, 0.7, 0.21
model-1693255432, 1693255770.876, 0.63, 0.21, 0.72, 0.19
model-1693255432, 1693255771.773, 0.67, 0.2, 0.66, 0.23
model-1693255432, 1693255772.67, 0.68, 0.2, 0.69, 0.2
model-1693255432, 1693255773.59, 0.69, 0.21, 0.63, 0.21
model-1693255432, 1693255774.513, 0.64, 0.23, 0.76, 0.18
model-1693255432, 1693255775.425, 0.68, 0.2, 0.69, 0.19
model-1693255432, 1693255776.374, 0.65, 0.22, 0.71, 0.19
model-1693255432, 1693255777.347, 0.62, 0.22, 0.7, 0.2
model-1693255432, 1693255778.296, 0.76, 0.18, 0.78, 0.17
model-1693255432, 1693255779.15, 0.68, 0.21, 0.73, 0.18
model-1693255432, 1693255780.255, 0.67, 0.23, 0.66, 0.21
model-1693255432, 1693255781.532, 0.75, 0.18, 0.7, 0.18
model-1693255432, 1693255782.493, 0.68, 0.22, 0.65, 0.22
model-1693255432, 1693255783.487, 0.68, 0.21, 0.69, 0.21
model-1693255432, 1693255784.554, 0.65, 0.2, 0.7, 0.19
model-1693255432, 1693255785.452, 0.73, 0.19, 0.67, 0.2
model-1693255432, 1693255786.325, 0.66, 0.21, 0.7, 0.19
model-1693255432, 1693255787.408, 0.7, 0.2, 0.72, 0.2
model-1693255432, 1693255788.375, 0.74, 0.2, 0.62, 0.22
model-1693255432, 1693255789.265, 0.72, 0.21, 0.72, 0.2
model-1693255432, 1693255790.214, 0.69, 0.21, 0.71, 0.19
model-1693255432, 1693255791.134, 0.71, 0.2, 0.71, 0.2
model-1693255432, 1693255791.997, 0.69, 0.22, 0.74, 0.17
model-1693255432, 1693255792.913, 0.66, 0.21, 0.6, 0.23
model-1693255432, 1693255793.812, 0.59, 0.24, 0.71, 0.21
model-1693255432, 1693255794.767, 0.76, 0.17, 0.68, 0.22
model-1693255432, 1693255795.73, 0.75, 0.19, 0.69, 0.21
model-1693255432, 1693255796.604, 0.71, 0.19, 0.63, 0.22
model-1693255432, 1693255797.463, 0.72, 0.19, 0.7, 0.21
model-1693255432, 1693255798.359, 0.68, 0.2, 0.69, 0.22
model-1693255432, 1693255799.229, 0.63, 0.22, 0.62, 0.24
model-1693255432, 1693255800.131, 0.77, 0.18, 0.65, 0.21
model-1693255432, 1693255801.015, 0.77, 0.18, 0.63, 0.21
model-1693255432, 1693255801.886, 0.7, 0.21, 0.68, 0.21
model-1693255432, 1693255802.816, 0.64, 0.21, 0.68, 0.22
model-1693255432, 1693255803.869, 0.62, 0.24, 0.72, 0.2
model-1693255432, 1693255804.884, 0.72, 0.19, 0.77, 0.18
model-1693255432, 1693255806.212, 0.62, 0.24, 0.8, 0.16
model-1693255432, 1693255807.164, 0.63, 0.2, 0.66, 0.2
model-1693255432, 1693255808.164, 0.69, 0.2, 0.63, 0.22
model-1693255432, 1693255809.147, 0.63, 0.24, 0.78, 0.18
model-1693255432, 1693255810.062, 0.6, 0.24, 0.74, 0.19
model-1693255432, 1693255810.95, 0.73, 0.2, 0.68, 0.2
model-1693255432, 1693255811.863, 0.65, 0.2, 0.7, 0.2
model-1693255432, 1693255812.789, 0.67, 0.19, 0.64, 0.23
model-1693255432, 1693255813.676, 0.68, 0.21, 0.7, 0.2
model-1693255432, 1693255814.577, 0.8, 0.18, 0.7, 0.19
model-1693255432, 1693255815.443, 0.65, 0.21, 0.74, 0.18
model-1693255432, 1693255816.318, 0.73, 0.19, 0.65, 0.2
model-1693255432, 1693255817.169, 0.72, 0.18, 0.68, 0.2
model-1693255432, 1693255818.054, 0.68, 0.2, 0.73, 0.2
model-1693255432, 1693255818.938, 0.68, 0.19, 0.69, 0.21
model-1693255432, 1693255819.832, 0.76, 0.18, 0.68, 0.2
model-1693255432, 1693255820.73, 0.69, 0.21, 0.75, 0.18
model-1693255432, 1693255821.61, 0.6, 0.22, 0.59, 0.25
model-1693255432, 1693255822.49, 0.61, 0.21, 0.73, 0.18
model-1693255432, 1693255823.385, 0.64, 0.22, 0.64, 0.23
model-1693255432, 1693255824.272, 0.65, 0.21, 0.59, 0.25
model-1693255432, 1693255825.15, 0.68, 0.2, 0.65, 0.22
model-1693255432, 1693255826.018, 0.69, 0.19, 0.72, 0.19
model-1693255432, 1693255826.968, 0.75, 0.18, 0.61, 0.23
model-1693255432, 1693255827.868, 0.64, 0.22, 0.72, 0.2
model-1693255432, 1693255828.758, 0.71, 0.19, 0.7, 0.21
model-1693255432, 1693255829.689, 0.72, 0.19, 0.72, 0.18
model-1693255432, 1693255830.592, 0.62, 0.21, 0.68, 0.22
model-1693255432, 1693255831.459, 0.55, 0.25, 0.69, 0.21
model-1693255432, 1693255832.371, 0.65, 0.2, 0.74, 0.2
model-1693255432, 1693255833.594, 0.57, 0.22, 0.79, 0.18
model-1693255432, 1693255834.667, 0.7, 0.19, 0.66, 0.21
model-1693255432, 1693255835.578, 0.75, 0.19, 0.65, 0.22
model-1693255432, 1693255836.457, 0.71, 0.2, 0.58, 0.25
model-1693255432, 1693255837.403, 0.7, 0.2, 0.67, 0.21
model-1693255432, 1693255838.3, 0.69, 0.19, 0.67, 0.2
model-1693255432, 1693255839.172, 0.68, 0.2, 0.64, 0.22
model-1693255432, 1693255840.063, 0.68, 0.21, 0.73, 0.18
model-1693255432, 1693255840.924, 0.68, 0.2, 0.69, 0.21
model-1693255432, 1693255841.786, 0.63, 0.21, 0.74, 0.19
model-1693255432, 1693255842.681, 0.65, 0.21, 0.74, 0.2
model-1693255432, 1693255843.563, 0.74, 0.17, 0.65, 0.21
model-1693255432, 1693255844.44, 0.72, 0.19, 0.66, 0.21
model-1693255432, 1693255845.397, 0.71, 0.18, 0.59, 0.25
model-1693255432, 1693255846.464, 0.58, 0.24, 0.7, 0.18
model-1693255432, 1693255847.553, 0.65, 0.2, 0.77, 0.16
model-1693255432, 1693255848.548, 0.71, 0.19, 0.65, 0.22
model-1693255432, 1693255849.482, 0.68, 0.19, 0.61, 0.24
model-1693255432, 1693255850.447, 0.6, 0.22, 0.66, 0.21
model-1693255432, 1693255851.333, 0.69, 0.19, 0.63, 0.19
model-1693255432, 1693255852.263, 0.71, 0.2, 0.68, 0.19
model-1693255432, 1693255853.217, 0.64, 0.22, 0.64, 0.21
model-1693255432, 1693255854.146, 0.66, 0.22, 0.7, 0.19
model-1693255432, 1693255855.062, 0.63, 0.23, 0.67, 0.21
model-1693255432, 1693255855.958, 0.72, 0.19, 0.71, 0.19
model-1693255432, 1693255856.822, 0.73, 0.2, 0.73, 0.18
model-1693255432, 1693255857.724, 0.7, 0.22, 0.69, 0.19
model-1693255432, 1693255858.596, 0.64, 0.23, 0.63, 0.22
model-1693255432, 1693255859.463, 0.6, 0.23, 0.62, 0.23
model-1693255432, 1693255860.335, 0.67, 0.2, 0.75, 0.19
model-1693255432, 1693255861.211, 0.69, 0.2, 0.69, 0.21
model-1693255432, 1693255862.115, 0.67, 0.2, 0.77, 0.18
model-1693255432, 1693255863.003, 0.71, 0.2, 0.77, 0.18
model-1693255432, 1693255864.067, 0.76, 0.2, 0.62, 0.22
model-1693255432, 1693255864.919, 0.68, 0.21, 0.73, 0.2
model-1693255432, 1693255865.788, 0.71, 0.19, 0.63, 0.23
model-1693255432, 1693255866.343, 0.69, 0.2, 0.7, 0.19
